INFO - Elements left: 12784
INFO - Elements left: 12784
INFO - Elements left: 12784
INFO - Elements left: 12784
INFO - Elements left: 12784
INFO - Elements left: 12784
INFO - Elements left: 12784
INFO - Elements left: 12784
INFO - Elements left: 12784
INFO - Elements left: 12784
INFO - Elements left: 12784
INFO - Elements left: 12784
INFO - Elements left: 12784
INFO - Elements left: 12784
INFO - Elements left: 12784
INFO - Elements left: 12784
INFO - Elements left: 12784
INFO - Elements left: 12784
INFO - Elements left: 12784
INFO - Elements left: 12784
INFO - Elements left: 12784
INFO - Elements left: 12784
INFO - Elements left: 12784
INFO - Elements left: 12784
INFO - Elements left: 12784
INFO - Elements left: 12784
INFO - Elements left: 12784
INFO - Elements left: 12784
INFO - Elements left: 12784
INFO - Elements left: 12784
INFO - Elements left: 12784
INFO - Elements left: 12784
INFO - Elements left: 12784
INFO - Elements left: 12784
INFO - Elements left: 12784
INFO - Elements left: 12784
INFO - Elements left: 12784
INFO - Elements left: 12784
INFO - Elements left: 12784
INFO - RESET PARAMETERS
INFO - Testing Reset Point with 1 hour(s) differential
INFO - totalElements Before: 12784
INFO - totalElements After: 2516
INFO - Testing Reset Point with 2 hour(s) differential
INFO - totalElements Before: 12784
INFO - totalElements After: 2516
INFO - Testing Reset Point with 3 hour(s) differential
INFO - totalElements Before: 12784
INFO - totalElements After: 2516
INFO - Testing Reset Point with 4 hour(s) differential
INFO - totalElements Before: 12784
INFO - totalElements After: 2516
INFO - Testing Reset Point with 5 hour(s) differential
INFO - totalElements Before: 12784
INFO - totalElements After: 2788
INFO - Duplicate on: OSHA-S777-2006-0942-0508
INFO - Duplicate on: OSHA-S777-2006-0942-0509
INFO - Duplicate on: OSHA-S777-2006-0942-0510
INFO - Duplicate on: OSHA-S777-2006-0942-0511
INFO - Elements left: 2788
INFO - Elements left: 2788
INFO - Elements left: 2788
INFO - Elements left: 2788
INFO - Elements left: 2788
INFO - Elements left: 2788
INFO - Elements left: 2788
INFO - Elements left: 2788
INFO - Elements left: 2788
INFO - Elements left: 2788
INFO - Elements left: 2788
